Performing C SOURCE FILE Test CMAKE_HAVE_LIBC_PTHREAD failed with the following output:
Change Dir: /home/kizitora/soruce_code/helib_codes/Okada_2019/CMakeFiles/CMakeTmp

Run Build Command(s):/usr/bin/make cmTC_b8b0c/fast && /usr/bin/make -f CMakeFiles/cmTC_b8b0c.dir/build.make CMakeFiles/cmTC_b8b0c.dir/build
make[1]: Entering directory '/mnt/c/Users/kutak/OneDrive - 東京都立産業技術高等専門学校/source/visual_studio_code/helib_codes/Okada_2019/CMakeFiles/CMakeTmp'
Building C object CMakeFiles/cmTC_b8b0c.dir/src.c.o
/usr/bin/cc   -DCMAKE_HAVE_LIBC_PTHREAD   -o CMakeFiles/cmTC_b8b0c.dir/src.c.o   -c /home/kizitora/soruce_code/helib_codes/Okada_2019/CMakeFiles/CMakeTmp/src.c
Linking C executable cmTC_b8b0c
/usr/bin/cmake -E cmake_link_script CMakeFiles/cmTC_b8b0c.dir/link.txt --verbose=1
/usr/bin/cc  -DCMAKE_HAVE_LIBC_PTHREAD    -rdynamic CMakeFiles/cmTC_b8b0c.dir/src.c.o  -o cmTC_b8b0c 
/usr/bin/ld: CMakeFiles/cmTC_b8b0c.dir/src.c.o: in function `main':
src.c:(.text+0x46): undefined reference to `pthread_create'
/usr/bin/ld: src.c:(.text+0x52): undefined reference to `pthread_detach'
/usr/bin/ld: src.c:(.text+0x63): undefined reference to `pthread_join'
collect2: error: ld returned 1 exit status
make[1]: *** [CMakeFiles/cmTC_b8b0c.dir/build.make:87: cmTC_b8b0c] Error 1
make[1]: Leaving directory '/mnt/c/Users/kutak/OneDrive - 東京都立産業技術高等専門学校/source/visual_studio_code/helib_codes/Okada_2019/CMakeFiles/CMakeTmp'
make: *** [Makefile:121: cmTC_b8b0c/fast] Error 2


Source file was:
#include <pthread.h>

void* test_func(void* data)
{
  return data;
}

int main(void)
{
  pthread_t thread;
  pthread_create(&thread, NULL, test_func, NULL);
  pthread_detach(thread);
  pthread_join(thread, NULL);
  pthread_atfork(NULL, NULL, NULL);
  pthread_exit(NULL);

  return 0;
}

Determining if the function pthread_create exists in the pthreads failed with the following output:
Change Dir: /home/kizitora/soruce_code/helib_codes/Okada_2019/CMakeFiles/CMakeTmp

Run Build Command(s):/usr/bin/make cmTC_827ff/fast && /usr/bin/make -f CMakeFiles/cmTC_827ff.dir/build.make CMakeFiles/cmTC_827ff.dir/build
make[1]: Entering directory '/mnt/c/Users/kutak/OneDrive - 東京都立産業技術高等専門学校/source/visual_studio_code/helib_codes/Okada_2019/CMakeFiles/CMakeTmp'
Building C object CMakeFiles/cmTC_827ff.dir/CheckFunctionExists.c.o
/usr/bin/cc   -DCHECK_FUNCTION_EXISTS=pthread_create   -o CMakeFiles/cmTC_827ff.dir/CheckFunctionExists.c.o   -c /usr/share/cmake-3.16/Modules/CheckFunctionExists.c
Linking C executable cmTC_827ff
/usr/bin/cmake -E cmake_link_script CMakeFiles/cmTC_827ff.dir/link.txt --verbose=1
/usr/bin/cc  -DCHECK_FUNCTION_EXISTS=pthread_create    -rdynamic CMakeFiles/cmTC_827ff.dir/CheckFunctionExists.c.o  -o cmTC_827ff  -lpthreads 
/usr/bin/ld: cannot find -lpthreads
collect2: error: ld returned 1 exit status
make[1]: *** [CMakeFiles/cmTC_827ff.dir/build.make:87: cmTC_827ff] Error 1
make[1]: Leaving directory '/mnt/c/Users/kutak/OneDrive - 東京都立産業技術高等専門学校/source/visual_studio_code/helib_codes/Okada_2019/CMakeFiles/CMakeTmp'
make: *** [Makefile:121: cmTC_827ff/fast] Error 2



